<?xml version="1.0" encoding="UTF-8"?>
<!-- Generated by org.testng.reporters.JUnitReportReporter -->
<testsuite hostname="DESKTOP-8CID97K" failures="0" tests="1" name="actionsfeatures.KeyboardActions" time="6.681" errors="0" timestamp="2023-02-01T10:46:49 IST" skipped="0">
  <testcase classname="actionsfeatures.KeyboardActions" name="keyboardfunctions" time="6.681"/>
  <system-out/>
</testsuite> <!-- actionsfeatures.KeyboardActions -->
