<?xml version="1.0" encoding="UTF-8"?>
<!-- Generated by org.testng.reporters.JUnitReportReporter -->
<testsuite hostname="DESKTOP-8CID97K" failures="0" tests="1" name="actionsfeatures.RightClick" time="11.132" errors="0" timestamp="2023-02-01T10:18:00 IST" skipped="0">
  <testcase classname="actionsfeatures.RightClick" name="rightclickresume" time="11.132"/>
  <system-out/>
</testsuite> <!-- actionsfeatures.RightClick -->
