<?xml version="1.0" encoding="UTF-8"?>
<!-- Generated by org.testng.reporters.JUnitReportReporter -->
<testsuite hostname="DESKTOP-8CID97K" failures="0" tests="1" name="alertwindows.PopupAlertEntertextandOkButton" time="13.667" errors="0" timestamp="2023-01-31T10:33:47 IST" skipped="0">
  <testcase classname="alertwindows.PopupAlertEntertextandOkButton" name="alertcancelbutton" time="13.667"/>
  <system-out/>
</testsuite> <!-- alertwindows.PopupAlertEntertextandOkButton -->
