<?xml version="1.0" encoding="UTF-8"?>
<!-- Generated by org.testng.reporters.JUnitReportReporter -->
<testsuite hostname="DESKTOP-8CID97K" failures="0" tests="1" name="actionsfeatures.MouseHover" time="14.767" errors="0" timestamp="2023-02-01T10:41:25 IST" skipped="0">
  <testcase classname="actionsfeatures.MouseHover" name="mousehoverfeature" time="14.767"/>
  <system-out/>
</testsuite> <!-- actionsfeatures.MouseHover -->
