<?xml version="1.0" encoding="UTF-8"?>
<!-- Generated by org.testng.reporters.JUnitReportReporter -->
<testsuite hostname="DESKTOP-8CID97K" failures="0" tests="4" name="testng.TestNG_4_Description" time="17.228" errors="0" timestamp="2023-01-27T10:43:31 IST" skipped="1">
  <testcase classname="testng.TestNG_4_Description" name="testcase3" time="5.984"/>
  <system-out/>
  <testcase classname="testng.TestNG_4_Description" name="testcase4" time="4.102"/>
  <system-out/>
  <testcase classname="testng.TestNG_4_Description" name="testcase2" time="7.142"/>
  <system-out/>
  <testcase classname="testng.TestNG_4_Description" name="testcase1">
    <skipped/>
  </testcase> <!-- testcase1 -->
  <system-out/>
</testsuite> <!-- testng.TestNG_4_Description -->
