<?xml version="1.0" encoding="UTF-8"?>
<!-- Generated by org.testng.reporters.JUnitReportReporter -->
<testsuite hostname="DESKTOP-8CID97K" failures="0" tests="1" name="verificationtitleurltext.VerificationTabTitleURLText" time="3.036" errors="0" timestamp="2023-02-03T10:49:21 IST" skipped="0">
  <testcase classname="verificationtitleurltext.VerificationTabTitleURLText" name="verifygmailindiamarati" time="3.036"/>
  <system-out/>
</testsuite> <!-- verificationtitleurltext.VerificationTabTitleURLText -->
