<?xml version="1.0" encoding="UTF-8"?>
<!-- Generated by org.testng.reporters.JUnitReportReporter -->
<testsuite hostname="DESKTOP-8CID97K" failures="0" tests="2" name="testng.TestNG_7_Run_Testng_XML" time="11.458" errors="0" timestamp="2023-02-03T11:15:39 IST" skipped="0">
  <testcase classname="testng.TestNG_7_Run_Testng_XML" name="zomato" time="2.338"/>
  <system-out/>
  <testcase classname="testng.TestNG_7_Run_Testng_XML" name="swiggy" time="9.120"/>
  <system-out/>
</testsuite> <!-- testng.TestNG_7_Run_Testng_XML -->
