<?xml version="1.0" encoding="UTF-8"?>
<!-- Generated by org.testng.reporters.JUnitReportReporter -->
<testsuite hostname="DESKTOP-8CID97K" failures="0" tests="1" name="isdisplayedisselectedisenabled.IsDisplayed" time="5.013" errors="0" timestamp="2023-01-30T10:14:54 IST" skipped="0">
  <testcase classname="isdisplayedisselectedisenabled.IsDisplayed" name="isdisplayed" time="5.013"/>
  <system-out/>
</testsuite> <!-- isdisplayedisselectedisenabled.IsDisplayed -->
