<?xml version="1.0" encoding="UTF-8"?>
<!-- Generated by org.testng.reporters.JUnitReportReporter -->
<testsuite hostname="DESKTOP-8CID97K" failures="0" tests="1" name="actionsfeatures.DragAndDrop" time="11.078" errors="0" timestamp="2023-02-01T10:32:11 IST" skipped="0">
  <testcase classname="actionsfeatures.DragAndDrop" name="rightclickresume" time="11.078"/>
  <system-out/>
</testsuite> <!-- actionsfeatures.DragAndDrop -->
