<?xml version="1.0" encoding="UTF-8"?>
<!-- Generated by org.testng.reporters.JUnitReportReporter -->
<testsuite hostname="DESKTOP-8CID97K" failures="0" tests="5" name="testng.TestNG_3_Skip_Ignore_Disabled" time="25.179" errors="0" timestamp="2023-01-27T10:28:06 IST" skipped="1">
  <testcase classname="testng.TestNG_3_Skip_Ignore_Disabled" name="selenium" time="18.833"/>
  <system-out/>
  <testcase classname="testng.TestNG_3_Skip_Ignore_Disabled" name="google" time="2.656"/>
  <system-out/>
  <testcase classname="testng.TestNG_3_Skip_Ignore_Disabled" name="twitter" time="1.511"/>
  <system-out/>
  <testcase classname="testng.TestNG_3_Skip_Ignore_Disabled" name="facebook" time="2.179"/>
  <system-out/>
  <testcase classname="testng.TestNG_3_Skip_Ignore_Disabled" name="gmail">
    <skipped/>
  </testcase> <!-- gmail -->
  <system-out/>
</testsuite> <!-- testng.TestNG_3_Skip_Ignore_Disabled -->
