<?xml version="1.0" encoding="UTF-8"?>
<!-- Generated by org.testng.reporters.JUnitReportReporter -->
<testsuite hostname="DESKTOP-8CID97K" failures="0" tests="1" name="alertwindows.PopupAlertCancelButton" time="14.278" errors="0" timestamp="2023-01-31T10:21:57 IST" skipped="0">
  <testcase classname="alertwindows.PopupAlertCancelButton" name="alertcancelbutton" time="14.278"/>
  <system-out/>
</testsuite> <!-- alertwindows.PopupAlertCancelButton -->
