<?xml version="1.0" encoding="UTF-8"?>
<!-- Generated by org.testng.reporters.JUnitReportReporter -->
<testsuite hostname="DESKTOP-8CID97K" failures="0" tests="3" name="javascriptexecutor.ScrollDownUP" time="14.399" errors="0" timestamp="2023-01-31T10:52:22 IST" skipped="0">
  <testcase classname="javascriptexecutor.ScrollDownUP" name="scrolldown" time="5.385"/>
  <system-out/>
  <testcase classname="javascriptexecutor.ScrollDownUP" name="IndentifyLoacatorElement" time="4.003"/>
  <system-out/>
  <testcase classname="javascriptexecutor.ScrollDownUP" name="scrollup" time="5.011"/>
  <system-out/>
</testsuite> <!-- javascriptexecutor.ScrollDownUP -->
