<?xml version="1.0" encoding="UTF-8"?>
<!-- Generated by org.testng.reporters.JUnitReportReporter -->
<testsuite hostname="DESKTOP-8CID97K" failures="0" tests="5" name="testng.TestNG_2_PriorityOrder" time="13.063" errors="0" timestamp="2023-01-27T10:08:12 IST" skipped="0">
  <testcase classname="testng.TestNG_2_PriorityOrder" name="google" time="3.721"/>
  <system-out/>
  <testcase classname="testng.TestNG_2_PriorityOrder" name="selenium" time="2.486"/>
  <system-out/>
  <testcase classname="testng.TestNG_2_PriorityOrder" name="twitter" time="1.667"/>
  <system-out/>
  <testcase classname="testng.TestNG_2_PriorityOrder" name="facebook" time="1.446"/>
  <system-out/>
  <testcase classname="testng.TestNG_2_PriorityOrder" name="gmail" time="3.743"/>
  <system-out/>
</testsuite> <!-- testng.TestNG_2_PriorityOrder -->
