<?xml version="1.0" encoding="UTF-8"?>
<!-- Generated by org.testng.reporters.JUnitReportReporter -->
<testsuite hostname="DESKTOP-8CID97K" failures="0" tests="1" name="sikulitutorial.DesktopAutomation" time="15.240" errors="0" timestamp="2023-02-02T10:56:39 IST" skipped="0">
  <testcase classname="sikulitutorial.DesktopAutomation" name="desktop" time="15.240"/>
  <system-out/>
</testsuite> <!-- sikulitutorial.DesktopAutomation -->
