<?xml version="1.0" encoding="UTF-8"?>
<!-- Generated by org.testng.reporters.JUnitReportReporter -->
<testsuite hostname="DESKTOP-8CID97K" failures="0" tests="1" name="isdisplayedisselectedisenabled.IsSelected" time="11.217" errors="0" timestamp="2023-01-30T10:30:55 IST" skipped="0">
  <testcase classname="isdisplayedisselectedisenabled.IsSelected" name="isenabled" time="11.217"/>
  <system-out/>
</testsuite> <!-- isdisplayedisselectedisenabled.IsSelected -->
