<?xml version="1.0" encoding="UTF-8"?>
<!-- Generated by org.testng.reporters.JUnitReportReporter -->
<testsuite hostname="DESKTOP-8CID97K" failures="0" tests="2" name="testng.TestNG_6_DependsOnMethods" time="6.373" errors="0" timestamp="2023-01-30T10:57:49 IST" skipped="0">
  <testcase classname="testng.TestNG_6_DependsOnMethods" name="method2" time="3.794"/>
  <system-out/>
  <testcase classname="testng.TestNG_6_DependsOnMethods" name="method1" time="2.579"/>
  <system-out/>
</testsuite> <!-- testng.TestNG_6_DependsOnMethods -->
