<?xml version="1.0" encoding="UTF-8"?>
<!-- Generated by org.testng.reporters.JUnitReportReporter -->
<testsuite hostname="DESKTOP-8CID97K" failures="0" tests="1" name="arrayList.NewTabFunctionality" time="8.087" errors="0" timestamp="2023-02-01T11:21:23 IST" skipped="0">
  <testcase classname="arrayList.NewTabFunctionality" name="newTabinBrowserDemo" time="8.087"/>
  <system-out/>
</testsuite> <!-- arrayList.NewTabFunctionality -->
