<?xml version="1.0" encoding="UTF-8"?>
<!-- Generated by org.testng.reporters.JUnitReportReporter -->
<testsuite hostname="DESKTOP-8CID97K" failures="0" tests="5" name="testng.TestNG_1_AlpabaticalOrder" time="12.712" errors="0" timestamp="2023-01-27T10:00:16 IST" skipped="0">
  <testcase classname="testng.TestNG_1_AlpabaticalOrder" name="facebook" time="2.665"/>
  <system-out/>
  <testcase classname="testng.TestNG_1_AlpabaticalOrder" name="gmail" time="4.417"/>
  <system-out/>
  <testcase classname="testng.TestNG_1_AlpabaticalOrder" name="twitter" time="2.002"/>
  <system-out/>
  <testcase classname="testng.TestNG_1_AlpabaticalOrder" name="google" time="1.631"/>
  <system-out/>
  <testcase classname="testng.TestNG_1_AlpabaticalOrder" name="selenium" time="1.997"/>
  <system-out/>
</testsuite> <!-- testng.TestNG_1_AlpabaticalOrder -->
