<?xml version="1.0" encoding="UTF-8"?>
<!-- Generated by org.testng.reporters.JUnitReportReporter -->
<testsuite hostname="DESKTOP-8CID97K" failures="0" tests="1" name="alertwindows.PopupAlertOkButton" time="14.262" errors="0" timestamp="2023-01-31T10:17:25 IST" skipped="0">
  <testcase classname="alertwindows.PopupAlertOkButton" name="f" time="14.262"/>
  <system-out/>
</testsuite> <!-- alertwindows.PopupAlertOkButton -->
