<?xml version="1.0" encoding="UTF-8"?>
<!-- Generated by org.testng.reporters.JUnitReportReporter -->
<testsuite hostname="DESKTOP-8CID97K" failures="0" tests="1" name="log4jtutorial.Log4jDemo" time="12.853" errors="0" timestamp="2023-02-02T11:21:08 IST" skipped="0">
  <testcase classname="log4jtutorial.Log4jDemo" name="f" time="12.853"/>
  <system-out/>
</testsuite> <!-- log4jtutorial.Log4jDemo -->
