<?xml version="1.0" encoding="UTF-8"?>
<!-- Generated by org.testng.reporters.JUnitReportReporter -->
<testsuite hostname="DESKTOP-8CID97K" failures="0" tests="1" name="isdisplayedisselectedisenabled.IsEnabledMethod" time="6.976" errors="0" timestamp="2023-01-30T10:19:26 IST" skipped="0">
  <testcase classname="isdisplayedisselectedisenabled.IsEnabledMethod" name="isenabled" time="6.976"/>
  <system-out/>
</testsuite> <!-- isdisplayedisselectedisenabled.IsEnabledMethod -->
